name: train
run_id: commands[0]
env COMSPEC: C:\WINDOWS\system32\cmd.exe
env NUMBER_OF_PROCESSORS: 16
env PATHEXT: .COM;.EXE;.BAT;.CMD;.VBS;.VBE;.JS;.JSE;.WSF;.WSH;.MSC;.CPL
env PROCESSOR_ARCHITECTURE: AMD64
env PROGRAMDATA: C:\ProgramData
env PROGRAMFILES: C:\Program Files
env PROGRAMFILES(X86): C:\Program Files (x86)
env SYSTEMDRIVE: C:
env SYSTEMROOT: C:\WINDOWS
env TEMP: C:\Users\coola\AppData\Local\Temp
env TMP: C:\Users\coola\AppData\Local\Temp
env USERPROFILE: C:\Users\coola
env LANG: en_US.UTF-8
env PATH: C:\Users\coola\Desktop\MLOps_Code\MLOps\Session_3_ML_Pipeline\titanic-assignment\section-05-production-model-package\.tox\test_package\Scripts;C:\Windows\system32;C:\Windows;C:\Windows\System32\Wbem;C:\Windows\System32\WindowsPowerShell\v1.0\;C:\Windows\System32\OpenSSH\;C:\Program Files (x86)\NVIDIA Corporation\PhysX\Common;C:\Program Files\NVIDIA Corporation\NVIDIA NvDLISR;C:\WINDOWS\system32;C:\WINDOWS;C:\WINDOWS\System32\Wbem;C:\WINDOWS\System32\WindowsPowerShell\v1.0\;C:\WINDOWS\System32\OpenSSH\;C:\Program Files\Git\cmd;C:\Users\coola\scoop\shims;C:\Users\coola\AppData\Local\Programs\Python\Python310\Scripts\;C:\Users\coola\AppData\Local\Programs\Python\Python310\;C:\Users\coola\AppData\Local\Programs\Python\Python311\Scripts\;C:\Users\coola\AppData\Local\Programs\Python\Python311\;C:\Users\coola\AppData\Local\Microsoft\WindowsApps;;C:\Users\coola\AppData\Local\Programs\Microsoft VS Code\bin
env PIP_DISABLE_PIP_VERSION_CHECK: 1
env PYTHONIOENCODING: utf-8
env PYTHONPATH: .
env PYTHONHASHSEED: 0
env TOX_ENV_NAME: train
env TOX_WORK_DIR: C:\Users\coola\Desktop\MLOps_Code\MLOps\Session_3_ML_Pipeline\titanic-assignment\section-05-production-model-package\.tox
env TOX_ENV_DIR: C:\Users\coola\Desktop\MLOps_Code\MLOps\Session_3_ML_Pipeline\titanic-assignment\section-05-production-model-package\.tox\test_package
env VIRTUAL_ENV: C:\Users\coola\Desktop\MLOps_Code\MLOps\Session_3_ML_Pipeline\titanic-assignment\section-05-production-model-package\.tox\test_package
env COLUMNS: 168
env LINES: 13
metadata pid: 9920
cwd: C:\Users\coola\Desktop\MLOps_Code\MLOps\Session_3_ML_Pipeline\titanic-assignment\section-05-production-model-package
allow: C:\Users\coola\Desktop\MLOps_Code\MLOps\Session_3_ML_Pipeline\titanic-assignment\section-05-production-model-package\.tox\test_package\Scripts\*
cmd: python classification_model/train_pipeline.py
exit_code: 1

standard error:
Traceback (most recent call last):
  File "C:\Users\coola\Desktop\MLOps_Code\MLOps\Session_3_ML_Pipeline\titanic-assignment\section-05-production-model-package\classification_model\train_pipeline.py", line 2, in <module>
    from config.core import config
  File "C:\Users\coola\Desktop\MLOps_Code\MLOps\Session_3_ML_Pipeline\titanic-assignment\section-05-production-model-package\classification_model\config\core.py", line 7, in <module>
    import classification_model
  File "C:\Users\coola\Desktop\MLOps_Code\MLOps\Session_3_ML_Pipeline\titanic-assignment\section-05-production-model-package\classification_model\__init__.py", line 3, in <module>
    from classification_model.config.core import PACKAGE_ROOT, config
  File "C:\Users\coola\Desktop\MLOps_Code\MLOps\Session_3_ML_Pipeline\titanic-assignment\section-05-production-model-package\classification_model\config\core.py", line 93, in <module>
    config = create_and_validate_config()
  File "C:\Users\coola\Desktop\MLOps_Code\MLOps\Session_3_ML_Pipeline\titanic-assignment\section-05-production-model-package\classification_model\config\core.py", line 86, in create_and_validate_config
    app_config=AppConfig(**parsed_config.data),
  File "pydantic\main.py", line 342, in pydantic.main.BaseModel.__init__
pydantic.error_wrappers.ValidationError: 1 validation error for AppConfig
raw_data_file
  field required (type=value_error.missing)
